Structures: 324
Unknown base type: URI
Unknown base type: uinteger
Unknown base type: uinteger
Unknown base type: uinteger
Unknown base type: uinteger
Unknown base type: uinteger
Unknown base type: uinteger
Unknown base type: URI
Unknown base type: uinteger
Unknown base type: URI
Unknown base type: uinteger
Unknown base type: uinteger
Unknown base type: uinteger
Unknown base type: URI
Unknown base type: decimal
Unknown base type: decimal
Unknown base type: decimal
Unknown base type: decimal
Unknown base type: uinteger
Unknown base type: uinteger
Unknown base type: uinteger
Unknown base type: uinteger
Unknown base type: uinteger
Unknown base type: URI
Unknown base type: URI
Unknown base type: URI
Unknown base type: uinteger
Unknown base type: uinteger
Unknown base type: uinteger
Unknown base type: URI
Unknown base type: uinteger
Unknown base type: uinteger
libgcov profiling error:/home/tox/src/e/subprojects/liblsp/build/gen/gen_model.p/gen_structures.c.gcda:overwriting an existing profile data with a different checksum
